2023-06-25 00:03:22,567 [Worker-4: Loading available Gradle versions] INFO  o.e.b.c.i.u.g.PublishedGradleVersions - Gradle version information cache is up-to-date. Trying to read.
2023-06-25 00:04:11,467 [Worker-5: Importing Maven projects] INFO  o.e.m.c.i.l.LifecycleMappingFactory - Using org.eclipse.m2e.jdt.JarLifecycleMapping lifecycle mapping for MavenProject: com.rrhh.uth:rrhh-empleados:1.0-SNAPSHOT @ C:\Users\DELL\Documents\Java-WorkSpace\RECURSOS_HUMANOS\rrhh-empleados\rrhh-empleados\pom.xml.
2023-06-25 00:04:19,473 [Worker-5: Importing Maven projects] INFO  org.reflections.Reflections - Reflections took 2562 ms to scan 163 urls, producing 8955 keys and 44067 values
2023-06-25 00:04:19,517 [Worker-5: Importing Maven projects] INFO  c.v.f.s.f.TaskCopyFrontendFiles - Copying frontend resources from jar files ...
2023-06-25 00:04:19,742 [Worker-5: Importing Maven projects] INFO  c.v.f.s.f.TaskCopyFrontendFiles - Visited 162 resources. Took 223 ms.
2023-06-25 00:04:19,880 [Worker-5: Importing Maven projects] INFO  o.e.m.j.i.AbstractJavaProjectConfigurator - Adding source folder /rrhh-empleados/src/main/java
2023-06-25 00:04:19,881 [Worker-5: Importing Maven projects] INFO  o.e.m.j.i.AbstractJavaProjectConfigurator - Adding resource folder /rrhh-empleados/src/main/resources
2023-06-25 00:04:19,882 [Worker-5: Importing Maven projects] INFO  o.e.m.j.i.AbstractJavaProjectConfigurator - Adding resource folder /rrhh-empleados/src/main/resources
2023-06-25 00:04:19,882 [Worker-5: Importing Maven projects] INFO  o.e.m.j.i.AbstractJavaProjectConfigurator - Adding source folder /rrhh-empleados/src/test/java
2023-06-25 00:04:20,554 [Worker-5: Importing Maven projects] INFO  o.e.m.c.i.p.ProjectConfigurationManager - Imported and configured 1 project(s) in 10 sec
2023-06-25 00:04:22,356 [Worker-10: Building] INFO  o.a.m.s.f.DefaultMavenResourcesFiltering - Copying 1 resource from src\main\resources to target\classes
2023-06-25 00:04:22,375 [Worker-10: Building] INFO  o.a.m.s.f.DefaultMavenResourcesFiltering - Copying 3 resources from src\main\resources to target\classes
2023-06-25 00:04:24,724 [Worker-10: Building] INFO  org.reflections.Reflections - Reflections took 1013 ms to scan 163 urls, producing 8955 keys and 44067 values
2023-06-25 00:04:24,731 [Worker-10: Building] INFO  c.v.f.s.f.TaskCopyFrontendFiles - Copying frontend resources from jar files ...
2023-06-25 00:04:24,946 [Worker-10: Building] INFO  c.v.f.s.f.TaskCopyFrontendFiles - Visited 162 resources. Took 214 ms.
2023-06-25 00:04:24,956 [Worker-10: Building] INFO  o.a.m.s.f.DefaultMavenResourcesFiltering - skip non existing resourceDirectory C:\Users\DELL\Documents\Java-WorkSpace\RECURSOS_HUMANOS\rrhh-empleados\rrhh-empleados\src\test\resources
2023-06-25 00:26:59,405 [Worker-17: Building] INFO  o.a.m.s.f.DefaultMavenResourcesFiltering - Copying 1 resource from src\main\resources to target\classes
2023-06-25 00:26:59,419 [Worker-17: Building] INFO  o.a.m.s.f.DefaultMavenResourcesFiltering - Copying 3 resources from src\main\resources to target\classes
2023-06-25 00:26:59,429 [Worker-17: Building] INFO  o.a.m.s.f.DefaultMavenResourcesFiltering - skip non existing resourceDirectory C:\Users\DELL\Documents\Java-WorkSpace\RECURSOS_HUMANOS\rrhh-empleados\rrhh-empleados\src\test\resources
2023-06-25 00:27:10,866 [Worker-22: Building] INFO  o.a.m.s.f.DefaultMavenResourcesFiltering - Copying 1 resource from src\main\resources to target\classes
2023-06-25 00:27:10,933 [Worker-22: Building] INFO  o.a.m.s.f.DefaultMavenResourcesFiltering - Copying 3 resources from src\main\resources to target\classes
2023-06-25 00:27:10,949 [Worker-22: Building] INFO  o.a.m.s.f.DefaultMavenResourcesFiltering - skip non existing resourceDirectory C:\Users\DELL\Documents\Java-WorkSpace\RECURSOS_HUMANOS\rrhh-empleados\rrhh-empleados\src\test\resources
2023-06-26 12:12:29,773 [Worker-4: Loading available Gradle versions] INFO  o.e.b.c.i.u.g.PublishedGradleVersions - Gradle version information cache is up-to-date. Trying to read.
2023-06-26 13:40:33,952 [Worker-1: Launching Executing install in C__Users_DELL_Documents_Java-WorkSpace_RECURSOS_HUMANOS_rrhh-empleados_rrhh-empleados] INFO  o.eclipse.m2e.core.internal.Bundles - getClasspathEntries(Bundle=org.eclipse.m2e.maven.runtime_3.8.701.20230209-1606 [607])
2023-06-26 13:40:33,964 [Worker-1: Launching Executing install in C__Users_DELL_Documents_Java-WorkSpace_RECURSOS_HUMANOS_rrhh-empleados_rrhh-empleados] INFO  o.eclipse.m2e.core.internal.Bundles - 	Entry: C:\Users\DELL\.p2\pool\plugins\org.eclipse.m2e.maven.runtime_3.8.701.20230209-1606
2023-06-26 13:40:33,968 [Worker-1: Launching Executing install in C__Users_DELL_Documents_Java-WorkSpace_RECURSOS_HUMANOS_rrhh-empleados_rrhh-empleados] INFO  o.eclipse.m2e.core.internal.Bundles - 	Entry: C:\Users\DELL\.p2\pool\plugins\org.eclipse.m2e.maven.runtime_3.8.701.20230209-1606\jars\aether-connector-okhttp-0.17.8.jar
2023-06-26 13:40:33,969 [Worker-1: Launching Executing install in C__Users_DELL_Documents_Java-WorkSpace_RECURSOS_HUMANOS_rrhh-empleados_rrhh-empleados] INFO  o.eclipse.m2e.core.internal.Bundles - 	Entry: C:\Users\DELL\.p2\pool\plugins\org.eclipse.m2e.maven.runtime_3.8.701.20230209-1606\jars\commons-lang3-3.8.1.jar
2023-06-26 13:40:33,969 [Worker-1: Launching Executing install in C__Users_DELL_Documents_Java-WorkSpace_RECURSOS_HUMANOS_rrhh-empleados_rrhh-empleados] INFO  o.eclipse.m2e.core.internal.Bundles - 	Entry: C:\Users\DELL\.p2\pool\plugins\org.eclipse.m2e.maven.runtime_3.8.701.20230209-1606\jars\guice-4.2.2-no_aop.jar
2023-06-26 13:40:33,969 [Worker-1: Launching Executing install in C__Users_DELL_Documents_Java-WorkSpace_RECURSOS_HUMANOS_rrhh-empleados_rrhh-empleados] INFO  o.eclipse.m2e.core.internal.Bundles - 	Entry: C:\Users\DELL\.p2\pool\plugins\org.eclipse.m2e.maven.runtime_3.8.701.20230209-1606\jars\jansi-2.4.0.jar
2023-06-26 13:40:33,969 [Worker-1: Launching Executing install in C__Users_DELL_Documents_Java-WorkSpace_RECURSOS_HUMANOS_rrhh-empleados_rrhh-empleados] INFO  o.eclipse.m2e.core.internal.Bundles - 	Entry: C:\Users\DELL\.p2\pool\plugins\org.eclipse.m2e.maven.runtime_3.8.701.20230209-1606\jars\maven-artifact-3.8.7.jar
2023-06-26 13:40:33,970 [Worker-1: Launching Executing install in C__Users_DELL_Documents_Java-WorkSpace_RECURSOS_HUMANOS_rrhh-empleados_rrhh-empleados] INFO  o.eclipse.m2e.core.internal.Bundles - 	Entry: C:\Users\DELL\.p2\pool\plugins\org.eclipse.m2e.maven.runtime_3.8.701.20230209-1606\jars\maven-builder-support-3.8.7.jar
2023-06-26 13:40:33,970 [Worker-1: Launching Executing install in C__Users_DELL_Documents_Java-WorkSpace_RECURSOS_HUMANOS_rrhh-empleados_rrhh-empleados] INFO  o.eclipse.m2e.core.internal.Bundles - 	Entry: C:\Users\DELL\.p2\pool\plugins\org.eclipse.m2e.maven.runtime_3.8.701.20230209-1606\jars\maven-compat-3.8.7.jar
2023-06-26 13:40:33,970 [Worker-1: Launching Executing install in C__Users_DELL_Documents_Java-WorkSpace_RECURSOS_HUMANOS_rrhh-empleados_rrhh-empleados] INFO  o.eclipse.m2e.core.internal.Bundles - 	Entry: C:\Users\DELL\.p2\pool\plugins\org.eclipse.m2e.maven.runtime_3.8.701.20230209-1606\jars\maven-core-3.8.7.jar
2023-06-26 13:40:33,970 [Worker-1: Launching Executing install in C__Users_DELL_Documents_Java-WorkSpace_RECURSOS_HUMANOS_rrhh-empleados_rrhh-empleados] INFO  o.eclipse.m2e.core.internal.Bundles - 	Entry: C:\Users\DELL\.p2\pool\plugins\org.eclipse.m2e.maven.runtime_3.8.701.20230209-1606\jars\maven-embedder-3.8.7.jar
2023-06-26 13:40:33,971 [Worker-1: Launching Executing install in C__Users_DELL_Documents_Java-WorkSpace_RECURSOS_HUMANOS_rrhh-empleados_rrhh-empleados] INFO  o.eclipse.m2e.core.internal.Bundles - 	Entry: C:\Users\DELL\.p2\pool\plugins\org.eclipse.m2e.maven.runtime_3.8.701.20230209-1606\jars\maven-model-3.8.7.jar
2023-06-26 13:40:33,971 [Worker-1: Launching Executing install in C__Users_DELL_Documents_Java-WorkSpace_RECURSOS_HUMANOS_rrhh-empleados_rrhh-empleados] INFO  o.eclipse.m2e.core.internal.Bundles - 	Entry: C:\Users\DELL\.p2\pool\plugins\org.eclipse.m2e.maven.runtime_3.8.701.20230209-1606\jars\maven-model-builder-3.8.7.jar
2023-06-26 13:40:33,971 [Worker-1: Launching Executing install in C__Users_DELL_Documents_Java-WorkSpace_RECURSOS_HUMANOS_rrhh-empleados_rrhh-empleados] INFO  o.eclipse.m2e.core.internal.Bundles - 	Entry: C:\Users\DELL\.p2\pool\plugins\org.eclipse.m2e.maven.runtime_3.8.701.20230209-1606\jars\maven-plugin-api-3.8.7.jar
2023-06-26 13:40:33,971 [Worker-1: Launching Executing install in C__Users_DELL_Documents_Java-WorkSpace_RECURSOS_HUMANOS_rrhh-empleados_rrhh-empleados] INFO  o.eclipse.m2e.core.internal.Bundles - 	Entry: C:\Users\DELL\.p2\pool\plugins\org.eclipse.m2e.maven.runtime_3.8.701.20230209-1606\jars\maven-repository-metadata-3.8.7.jar
2023-06-26 13:40:33,972 [Worker-1: Launching Executing install in C__Users_DELL_Documents_Java-WorkSpace_RECURSOS_HUMANOS_rrhh-empleados_rrhh-empleados] INFO  o.eclipse.m2e.core.internal.Bundles - 	Entry: C:\Users\DELL\.p2\pool\plugins\org.eclipse.m2e.maven.runtime_3.8.701.20230209-1606\jars\maven-resolver-api-1.6.3.jar
2023-06-26 13:40:33,972 [Worker-1: Launching Executing install in C__Users_DELL_Documents_Java-WorkSpace_RECURSOS_HUMANOS_rrhh-empleados_rrhh-empleados] INFO  o.eclipse.m2e.core.internal.Bundles - 	Entry: C:\Users\DELL\.p2\pool\plugins\org.eclipse.m2e.maven.runtime_3.8.701.20230209-1606\jars\maven-resolver-connector-basic-1.6.3.jar
2023-06-26 13:40:33,972 [Worker-1: Launching Executing install in C__Users_DELL_Documents_Java-WorkSpace_RECURSOS_HUMANOS_rrhh-empleados_rrhh-empleados] INFO  o.eclipse.m2e.core.internal.Bundles - 	Entry: C:\Users\DELL\.p2\pool\plugins\org.eclipse.m2e.maven.runtime_3.8.701.20230209-1606\jars\maven-resolver-impl-1.6.3.jar
2023-06-26 13:40:33,972 [Worker-1: Launching Executing install in C__Users_DELL_Documents_Java-WorkSpace_RECURSOS_HUMANOS_rrhh-empleados_rrhh-empleados] INFO  o.eclipse.m2e.core.internal.Bundles - 	Entry: C:\Users\DELL\.p2\pool\plugins\org.eclipse.m2e.maven.runtime_3.8.701.20230209-1606\jars\maven-resolver-provider-3.8.7.jar
2023-06-26 13:40:33,973 [Worker-1: Launching Executing install in C__Users_DELL_Documents_Java-WorkSpace_RECURSOS_HUMANOS_rrhh-empleados_rrhh-empleados] INFO  o.eclipse.m2e.core.internal.Bundles - 	Entry: C:\Users\DELL\.p2\pool\plugins\org.eclipse.m2e.maven.runtime_3.8.701.20230209-1606\jars\maven-resolver-spi-1.6.3.jar
2023-06-26 13:40:33,973 [Worker-1: Launching Executing install in C__Users_DELL_Documents_Java-WorkSpace_RECURSOS_HUMANOS_rrhh-empleados_rrhh-empleados] INFO  o.eclipse.m2e.core.internal.Bundles - 	Entry: C:\Users\DELL\.p2\pool\plugins\org.eclipse.m2e.maven.runtime_3.8.701.20230209-1606\jars\maven-resolver-transport-wagon-1.6.3.jar
2023-06-26 13:40:33,973 [Worker-1: Launching Executing install in C__Users_DELL_Documents_Java-WorkSpace_RECURSOS_HUMANOS_rrhh-empleados_rrhh-empleados] INFO  o.eclipse.m2e.core.internal.Bundles - 	Entry: C:\Users\DELL\.p2\pool\plugins\org.eclipse.m2e.maven.runtime_3.8.701.20230209-1606\jars\maven-resolver-util-1.6.3.jar
2023-06-26 13:40:33,973 [Worker-1: Launching Executing install in C__Users_DELL_Documents_Java-WorkSpace_RECURSOS_HUMANOS_rrhh-empleados_rrhh-empleados] INFO  o.eclipse.m2e.core.internal.Bundles - 	Entry: C:\Users\DELL\.p2\pool\plugins\org.eclipse.m2e.maven.runtime_3.8.701.20230209-1606\jars\maven-settings-3.8.7.jar
2023-06-26 13:40:33,974 [Worker-1: Launching Executing install in C__Users_DELL_Documents_Java-WorkSpace_RECURSOS_HUMANOS_rrhh-empleados_rrhh-empleados] INFO  o.eclipse.m2e.core.internal.Bundles - 	Entry: C:\Users\DELL\.p2\pool\plugins\org.eclipse.m2e.maven.runtime_3.8.701.20230209-1606\jars\maven-settings-builder-3.8.7.jar
2023-06-26 13:40:33,974 [Worker-1: Launching Executing install in C__Users_DELL_Documents_Java-WorkSpace_RECURSOS_HUMANOS_rrhh-empleados_rrhh-empleados] INFO  o.eclipse.m2e.core.internal.Bundles - 	Entry: C:\Users\DELL\.p2\pool\plugins\org.eclipse.m2e.maven.runtime_3.8.701.20230209-1606\jars\maven-shared-utils-3.3.4.jar
2023-06-26 13:40:33,974 [Worker-1: Launching Executing install in C__Users_DELL_Documents_Java-WorkSpace_RECURSOS_HUMANOS_rrhh-empleados_rrhh-empleados] INFO  o.eclipse.m2e.core.internal.Bundles - 	Entry: C:\Users\DELL\.p2\pool\plugins\org.eclipse.m2e.maven.runtime_3.8.701.20230209-1606\jars\okhttp-3.14.1.jar
2023-06-26 13:40:33,974 [Worker-1: Launching Executing install in C__Users_DELL_Documents_Java-WorkSpace_RECURSOS_HUMANOS_rrhh-empleados_rrhh-empleados] INFO  o.eclipse.m2e.core.internal.Bundles - 	Entry: C:\Users\DELL\.p2\pool\plugins\org.eclipse.m2e.maven.runtime_3.8.701.20230209-1606\jars\okio-1.17.3.jar
2023-06-26 13:40:33,974 [Worker-1: Launching Executing install in C__Users_DELL_Documents_Java-WorkSpace_RECURSOS_HUMANOS_rrhh-empleados_rrhh-empleados] INFO  o.eclipse.m2e.core.internal.Bundles - 	Entry: C:\Users\DELL\.p2\pool\plugins\org.eclipse.m2e.maven.runtime_3.8.701.20230209-1606\jars\org.eclipse.sisu.inject-0.3.5.jar
2023-06-26 13:40:33,975 [Worker-1: Launching Executing install in C__Users_DELL_Documents_Java-WorkSpace_RECURSOS_HUMANOS_rrhh-empleados_rrhh-empleados] INFO  o.eclipse.m2e.core.internal.Bundles - 	Entry: C:\Users\DELL\.p2\pool\plugins\org.eclipse.m2e.maven.runtime_3.8.701.20230209-1606\jars\org.eclipse.sisu.plexus-0.3.5.jar
2023-06-26 13:40:33,975 [Worker-1: Launching Executing install in C__Users_DELL_Documents_Java-WorkSpace_RECURSOS_HUMANOS_rrhh-empleados_rrhh-empleados] INFO  o.eclipse.m2e.core.internal.Bundles - 	Entry: C:\Users\DELL\.p2\pool\plugins\org.eclipse.m2e.maven.runtime_3.8.701.20230209-1606\jars\plexus-build-api-0.0.7.jar
2023-06-26 13:40:33,976 [Worker-1: Launching Executing install in C__Users_DELL_Documents_Java-WorkSpace_RECURSOS_HUMANOS_rrhh-empleados_rrhh-empleados] INFO  o.eclipse.m2e.core.internal.Bundles - 	Entry: C:\Users\DELL\.p2\pool\plugins\org.eclipse.m2e.maven.runtime_3.8.701.20230209-1606\jars\plexus-cipher-2.0.jar
2023-06-26 13:40:33,976 [Worker-1: Launching Executing install in C__Users_DELL_Documents_Java-WorkSpace_RECURSOS_HUMANOS_rrhh-empleados_rrhh-empleados] INFO  o.eclipse.m2e.core.internal.Bundles - 	Entry: C:\Users\DELL\.p2\pool\plugins\org.eclipse.m2e.maven.runtime_3.8.701.20230209-1606\jars\plexus-classworlds-2.6.0.jar
2023-06-26 13:40:33,976 [Worker-1: Launching Executing install in C__Users_DELL_Documents_Java-WorkSpace_RECURSOS_HUMANOS_rrhh-empleados_rrhh-empleados] INFO  o.eclipse.m2e.core.internal.Bundles - 	Entry: C:\Users\DELL\.p2\pool\plugins\org.eclipse.m2e.maven.runtime_3.8.701.20230209-1606\jars\plexus-component-annotations-2.1.0.jar
2023-06-26 13:40:33,976 [Worker-1: Launching Executing install in C__Users_DELL_Documents_Java-WorkSpace_RECURSOS_HUMANOS_rrhh-empleados_rrhh-empleados] INFO  o.eclipse.m2e.core.internal.Bundles - 	Entry: C:\Users\DELL\.p2\pool\plugins\org.eclipse.m2e.maven.runtime_3.8.701.20230209-1606\jars\plexus-interpolation-1.26.jar
2023-06-26 13:40:33,976 [Worker-1: Launching Executing install in C__Users_DELL_Documents_Java-WorkSpace_RECURSOS_HUMANOS_rrhh-empleados_rrhh-empleados] INFO  o.eclipse.m2e.core.internal.Bundles - 	Entry: C:\Users\DELL\.p2\pool\plugins\org.eclipse.m2e.maven.runtime_3.8.701.20230209-1606\jars\plexus-sec-dispatcher-2.0.jar
2023-06-26 13:40:33,977 [Worker-1: Launching Executing install in C__Users_DELL_Documents_Java-WorkSpace_RECURSOS_HUMANOS_rrhh-empleados_rrhh-empleados] INFO  o.eclipse.m2e.core.internal.Bundles - 	Entry: C:\Users\DELL\.p2\pool\plugins\org.eclipse.m2e.maven.runtime_3.8.701.20230209-1606\jars\plexus-utils-3.3.1.jar
2023-06-26 13:40:33,977 [Worker-1: Launching Executing install in C__Users_DELL_Documents_Java-WorkSpace_RECURSOS_HUMANOS_rrhh-empleados_rrhh-empleados] INFO  o.eclipse.m2e.core.internal.Bundles - 	Entry: C:\Users\DELL\.p2\pool\plugins\org.eclipse.m2e.maven.runtime_3.8.701.20230209-1606\jars\wagon-file-3.5.3.jar
2023-06-26 13:40:33,977 [Worker-1: Launching Executing install in C__Users_DELL_Documents_Java-WorkSpace_RECURSOS_HUMANOS_rrhh-empleados_rrhh-empleados] INFO  o.eclipse.m2e.core.internal.Bundles - 	Entry: C:\Users\DELL\.p2\pool\plugins\org.eclipse.m2e.maven.runtime_3.8.701.20230209-1606\jars\wagon-provider-api-3.5.3.jar
2023-06-26 13:40:33,978 [Worker-1: Launching Executing install in C__Users_DELL_Documents_Java-WorkSpace_RECURSOS_HUMANOS_rrhh-empleados_rrhh-empleados] INFO  o.eclipse.m2e.core.internal.Bundles - getClasspathEntries(Bundle=com.google.guava_31.1.0.jre [11])
2023-06-26 13:40:33,980 [Worker-1: Launching Executing install in C__Users_DELL_Documents_Java-WorkSpace_RECURSOS_HUMANOS_rrhh-empleados_rrhh-empleados] INFO  o.eclipse.m2e.core.internal.Bundles - 	Entry: C:\Users\DELL\.p2\pool\plugins\com.google.guava_31.1.0.jre.jar
2023-06-26 13:40:33,980 [Worker-1: Launching Executing install in C__Users_DELL_Documents_Java-WorkSpace_RECURSOS_HUMANOS_rrhh-empleados_rrhh-empleados] INFO  o.eclipse.m2e.core.internal.Bundles - getClasspathEntries(Bundle=slf4j.api_1.7.36 [921])
2023-06-26 13:40:33,981 [Worker-1: Launching Executing install in C__Users_DELL_Documents_Java-WorkSpace_RECURSOS_HUMANOS_rrhh-empleados_rrhh-empleados] INFO  o.eclipse.m2e.core.internal.Bundles - 	Entry: C:\Users\DELL\.p2\pool\plugins\slf4j.api_1.7.36.jar
2023-06-26 13:40:33,981 [Worker-1: Launching Executing install in C__Users_DELL_Documents_Java-WorkSpace_RECURSOS_HUMANOS_rrhh-empleados_rrhh-empleados] INFO  o.eclipse.m2e.core.internal.Bundles - getClasspathEntries(Bundle=javax.inject_1.0.0.v20220405-0441 [35])
2023-06-26 13:40:33,985 [Worker-1: Launching Executing install in C__Users_DELL_Documents_Java-WorkSpace_RECURSOS_HUMANOS_rrhh-empleados_rrhh-empleados] INFO  o.eclipse.m2e.core.internal.Bundles - 	Entry: C:\Users\DELL\.p2\pool\plugins\javax.inject_1.0.0.v20220405-0441.jar
2023-06-26 13:40:33,985 [Worker-1: Launching Executing install in C__Users_DELL_Documents_Java-WorkSpace_RECURSOS_HUMANOS_rrhh-empleados_rrhh-empleados] INFO  o.eclipse.m2e.core.internal.Bundles - getClasspathEntries(Bundle=javax.annotation_1.3.5.v20221203-1659 [33])
2023-06-26 13:40:33,986 [Worker-1: Launching Executing install in C__Users_DELL_Documents_Java-WorkSpace_RECURSOS_HUMANOS_rrhh-empleados_rrhh-empleados] INFO  o.eclipse.m2e.core.internal.Bundles - 	Entry: C:\Users\DELL\.p2\pool\plugins\javax.annotation_1.3.5.v20221203-1659.jar
2023-06-26 13:40:33,987 [Worker-1: Launching Executing install in C__Users_DELL_Documents_Java-WorkSpace_RECURSOS_HUMANOS_rrhh-empleados_rrhh-empleados] INFO  o.eclipse.m2e.core.internal.Bundles - getClasspathEntries(Bundle=org.apache.commons.cli_1.4.0.v20221112-0806 [67])
2023-06-26 13:40:33,988 [Worker-1: Launching Executing install in C__Users_DELL_Documents_Java-WorkSpace_RECURSOS_HUMANOS_rrhh-empleados_rrhh-empleados] INFO  o.eclipse.m2e.core.internal.Bundles - 	Entry: C:\Users\DELL\.p2\pool\plugins\org.apache.commons.cli_1.4.0.v20221112-0806.jar
2023-06-26 13:40:33,988 [Worker-1: Launching Executing install in C__Users_DELL_Documents_Java-WorkSpace_RECURSOS_HUMANOS_rrhh-empleados_rrhh-empleados] INFO  o.eclipse.m2e.core.internal.Bundles - getClasspathEntries(Bundle=com.google.guava.failureaccess_1.0.1 [13])
2023-06-26 13:40:33,989 [Worker-1: Launching Executing install in C__Users_DELL_Documents_Java-WorkSpace_RECURSOS_HUMANOS_rrhh-empleados_rrhh-empleados] INFO  o.eclipse.m2e.core.internal.Bundles - 	Entry: C:\Users\DELL\.p2\pool\plugins\com.google.guava.failureaccess_1.0.1.jar
2023-06-26 13:40:33,993 [Worker-1: Launching Executing install in C__Users_DELL_Documents_Java-WorkSpace_RECURSOS_HUMANOS_rrhh-empleados_rrhh-empleados] INFO  o.e.m.i.launch.MavenLaunchDelegate - Run build in "C:\Users\DELL\Documents\Java-WorkSpace\RECURSOS_HUMANOS\rrhh-empleados\rrhh-empleados":
2023-06-26 13:40:33,996 [Worker-1: Launching Executing install in C__Users_DELL_Documents_Java-WorkSpace_RECURSOS_HUMANOS_rrhh-empleados_rrhh-empleados] INFO  o.e.m.i.launch.MavenLaunchDelegate -  mvn  -B -Dstyle.color=always install
2023-06-26 13:41:38,429 [Worker-20: Launching Executing install in C__Users_DELL_Documents_Java-WorkSpace_RECURSOS_HUMANOS_rrhh-empleados_rrhh-empleados] INFO  o.e.m.i.launch.MavenLaunchDelegate - Run build in "C:\Users\DELL\Documents\Java-WorkSpace\RECURSOS_HUMANOS\rrhh-empleados\rrhh-empleados":
2023-06-26 13:41:38,429 [Worker-20: Launching Executing install in C__Users_DELL_Documents_Java-WorkSpace_RECURSOS_HUMANOS_rrhh-empleados_rrhh-empleados] INFO  o.e.m.i.launch.MavenLaunchDelegate -  mvn  -B -Dstyle.color=always install
2023-06-30 15:21:43,166 [Worker-3: Loading available Gradle versions] INFO  o.e.b.c.i.u.g.PublishedGradleVersions - Gradle version information cache is out-of-date. Trying to update.
2023-06-30 15:21:58,393 [Worker-10: Building] INFO  o.a.m.s.f.DefaultMavenResourcesFiltering - Copying 1 resource from src\main\resources to target\classes
2023-06-30 15:21:58,440 [Worker-10: Building] INFO  o.a.m.s.f.DefaultMavenResourcesFiltering - Copying 3 resources from src\main\resources to target\classes
2023-06-30 15:21:58,455 [Worker-10: Building] INFO  o.a.m.s.f.DefaultMavenResourcesFiltering - skip non existing resourceDirectory C:\Users\DELL\Documents\Java-WorkSpace\RECURSOS_HUMANOS\rrhh-empleados\rrhh-empleados\src\test\resources
2023-06-30 15:22:45,870 [Worker-3: Launching Executing install in C__Users_DELL_Documents_Java-WorkSpace_RECURSOS_HUMANOS_rrhh-empleados_rrhh-empleados] INFO  o.eclipse.m2e.core.internal.Bundles - getClasspathEntries(Bundle=org.eclipse.m2e.maven.runtime_3.8.701.20230209-1606 [607])
2023-06-30 15:22:45,879 [Worker-3: Launching Executing install in C__Users_DELL_Documents_Java-WorkSpace_RECURSOS_HUMANOS_rrhh-empleados_rrhh-empleados] INFO  o.eclipse.m2e.core.internal.Bundles - 	Entry: C:\Users\DELL\.p2\pool\plugins\org.eclipse.m2e.maven.runtime_3.8.701.20230209-1606
2023-06-30 15:22:45,880 [Worker-3: Launching Executing install in C__Users_DELL_Documents_Java-WorkSpace_RECURSOS_HUMANOS_rrhh-empleados_rrhh-empleados] INFO  o.eclipse.m2e.core.internal.Bundles - 	Entry: C:\Users\DELL\.p2\pool\plugins\org.eclipse.m2e.maven.runtime_3.8.701.20230209-1606\jars\aether-connector-okhttp-0.17.8.jar
2023-06-30 15:22:45,880 [Worker-3: Launching Executing install in C__Users_DELL_Documents_Java-WorkSpace_RECURSOS_HUMANOS_rrhh-empleados_rrhh-empleados] INFO  o.eclipse.m2e.core.internal.Bundles - 	Entry: C:\Users\DELL\.p2\pool\plugins\org.eclipse.m2e.maven.runtime_3.8.701.20230209-1606\jars\commons-lang3-3.8.1.jar
2023-06-30 15:22:45,880 [Worker-3: Launching Executing install in C__Users_DELL_Documents_Java-WorkSpace_RECURSOS_HUMANOS_rrhh-empleados_rrhh-empleados] INFO  o.eclipse.m2e.core.internal.Bundles - 	Entry: C:\Users\DELL\.p2\pool\plugins\org.eclipse.m2e.maven.runtime_3.8.701.20230209-1606\jars\guice-4.2.2-no_aop.jar
2023-06-30 15:22:45,881 [Worker-3: Launching Executing install in C__Users_DELL_Documents_Java-WorkSpace_RECURSOS_HUMANOS_rrhh-empleados_rrhh-empleados] INFO  o.eclipse.m2e.core.internal.Bundles - 	Entry: C:\Users\DELL\.p2\pool\plugins\org.eclipse.m2e.maven.runtime_3.8.701.20230209-1606\jars\jansi-2.4.0.jar
2023-06-30 15:22:45,881 [Worker-3: Launching Executing install in C__Users_DELL_Documents_Java-WorkSpace_RECURSOS_HUMANOS_rrhh-empleados_rrhh-empleados] INFO  o.eclipse.m2e.core.internal.Bundles - 	Entry: C:\Users\DELL\.p2\pool\plugins\org.eclipse.m2e.maven.runtime_3.8.701.20230209-1606\jars\maven-artifact-3.8.7.jar
2023-06-30 15:22:45,881 [Worker-3: Launching Executing install in C__Users_DELL_Documents_Java-WorkSpace_RECURSOS_HUMANOS_rrhh-empleados_rrhh-empleados] INFO  o.eclipse.m2e.core.internal.Bundles - 	Entry: C:\Users\DELL\.p2\pool\plugins\org.eclipse.m2e.maven.runtime_3.8.701.20230209-1606\jars\maven-builder-support-3.8.7.jar
2023-06-30 15:22:45,881 [Worker-3: Launching Executing install in C__Users_DELL_Documents_Java-WorkSpace_RECURSOS_HUMANOS_rrhh-empleados_rrhh-empleados] INFO  o.eclipse.m2e.core.internal.Bundles - 	Entry: C:\Users\DELL\.p2\pool\plugins\org.eclipse.m2e.maven.runtime_3.8.701.20230209-1606\jars\maven-compat-3.8.7.jar
2023-06-30 15:22:45,881 [Worker-3: Launching Executing install in C__Users_DELL_Documents_Java-WorkSpace_RECURSOS_HUMANOS_rrhh-empleados_rrhh-empleados] INFO  o.eclipse.m2e.core.internal.Bundles - 	Entry: C:\Users\DELL\.p2\pool\plugins\org.eclipse.m2e.maven.runtime_3.8.701.20230209-1606\jars\maven-core-3.8.7.jar
2023-06-30 15:22:45,881 [Worker-3: Launching Executing install in C__Users_DELL_Documents_Java-WorkSpace_RECURSOS_HUMANOS_rrhh-empleados_rrhh-empleados] INFO  o.eclipse.m2e.core.internal.Bundles - 	Entry: C:\Users\DELL\.p2\pool\plugins\org.eclipse.m2e.maven.runtime_3.8.701.20230209-1606\jars\maven-embedder-3.8.7.jar
2023-06-30 15:22:45,882 [Worker-3: Launching Executing install in C__Users_DELL_Documents_Java-WorkSpace_RECURSOS_HUMANOS_rrhh-empleados_rrhh-empleados] INFO  o.eclipse.m2e.core.internal.Bundles - 	Entry: C:\Users\DELL\.p2\pool\plugins\org.eclipse.m2e.maven.runtime_3.8.701.20230209-1606\jars\maven-model-3.8.7.jar
2023-06-30 15:22:45,882 [Worker-3: Launching Executing install in C__Users_DELL_Documents_Java-WorkSpace_RECURSOS_HUMANOS_rrhh-empleados_rrhh-empleados] INFO  o.eclipse.m2e.core.internal.Bundles - 	Entry: C:\Users\DELL\.p2\pool\plugins\org.eclipse.m2e.maven.runtime_3.8.701.20230209-1606\jars\maven-model-builder-3.8.7.jar
2023-06-30 15:22:45,882 [Worker-3: Launching Executing install in C__Users_DELL_Documents_Java-WorkSpace_RECURSOS_HUMANOS_rrhh-empleados_rrhh-empleados] INFO  o.eclipse.m2e.core.internal.Bundles - 	Entry: C:\Users\DELL\.p2\pool\plugins\org.eclipse.m2e.maven.runtime_3.8.701.20230209-1606\jars\maven-plugin-api-3.8.7.jar
2023-06-30 15:22:45,882 [Worker-3: Launching Executing install in C__Users_DELL_Documents_Java-WorkSpace_RECURSOS_HUMANOS_rrhh-empleados_rrhh-empleados] INFO  o.eclipse.m2e.core.internal.Bundles - 	Entry: C:\Users\DELL\.p2\pool\plugins\org.eclipse.m2e.maven.runtime_3.8.701.20230209-1606\jars\maven-repository-metadata-3.8.7.jar
2023-06-30 15:22:45,882 [Worker-3: Launching Executing install in C__Users_DELL_Documents_Java-WorkSpace_RECURSOS_HUMANOS_rrhh-empleados_rrhh-empleados] INFO  o.eclipse.m2e.core.internal.Bundles - 	Entry: C:\Users\DELL\.p2\pool\plugins\org.eclipse.m2e.maven.runtime_3.8.701.20230209-1606\jars\maven-resolver-api-1.6.3.jar
2023-06-30 15:22:45,883 [Worker-3: Launching Executing install in C__Users_DELL_Documents_Java-WorkSpace_RECURSOS_HUMANOS_rrhh-empleados_rrhh-empleados] INFO  o.eclipse.m2e.core.internal.Bundles - 	Entry: C:\Users\DELL\.p2\pool\plugins\org.eclipse.m2e.maven.runtime_3.8.701.20230209-1606\jars\maven-resolver-connector-basic-1.6.3.jar
2023-06-30 15:22:45,883 [Worker-3: Launching Executing install in C__Users_DELL_Documents_Java-WorkSpace_RECURSOS_HUMANOS_rrhh-empleados_rrhh-empleados] INFO  o.eclipse.m2e.core.internal.Bundles - 	Entry: C:\Users\DELL\.p2\pool\plugins\org.eclipse.m2e.maven.runtime_3.8.701.20230209-1606\jars\maven-resolver-impl-1.6.3.jar
2023-06-30 15:22:45,883 [Worker-3: Launching Executing install in C__Users_DELL_Documents_Java-WorkSpace_RECURSOS_HUMANOS_rrhh-empleados_rrhh-empleados] INFO  o.eclipse.m2e.core.internal.Bundles - 	Entry: C:\Users\DELL\.p2\pool\plugins\org.eclipse.m2e.maven.runtime_3.8.701.20230209-1606\jars\maven-resolver-provider-3.8.7.jar
2023-06-30 15:22:45,883 [Worker-3: Launching Executing install in C__Users_DELL_Documents_Java-WorkSpace_RECURSOS_HUMANOS_rrhh-empleados_rrhh-empleados] INFO  o.eclipse.m2e.core.internal.Bundles - 	Entry: C:\Users\DELL\.p2\pool\plugins\org.eclipse.m2e.maven.runtime_3.8.701.20230209-1606\jars\maven-resolver-spi-1.6.3.jar
2023-06-30 15:22:45,883 [Worker-3: Launching Executing install in C__Users_DELL_Documents_Java-WorkSpace_RECURSOS_HUMANOS_rrhh-empleados_rrhh-empleados] INFO  o.eclipse.m2e.core.internal.Bundles - 	Entry: C:\Users\DELL\.p2\pool\plugins\org.eclipse.m2e.maven.runtime_3.8.701.20230209-1606\jars\maven-resolver-transport-wagon-1.6.3.jar
2023-06-30 15:22:45,883 [Worker-3: Launching Executing install in C__Users_DELL_Documents_Java-WorkSpace_RECURSOS_HUMANOS_rrhh-empleados_rrhh-empleados] INFO  o.eclipse.m2e.core.internal.Bundles - 	Entry: C:\Users\DELL\.p2\pool\plugins\org.eclipse.m2e.maven.runtime_3.8.701.20230209-1606\jars\maven-resolver-util-1.6.3.jar
2023-06-30 15:22:45,884 [Worker-3: Launching Executing install in C__Users_DELL_Documents_Java-WorkSpace_RECURSOS_HUMANOS_rrhh-empleados_rrhh-empleados] INFO  o.eclipse.m2e.core.internal.Bundles - 	Entry: C:\Users\DELL\.p2\pool\plugins\org.eclipse.m2e.maven.runtime_3.8.701.20230209-1606\jars\maven-settings-3.8.7.jar
2023-06-30 15:22:45,884 [Worker-3: Launching Executing install in C__Users_DELL_Documents_Java-WorkSpace_RECURSOS_HUMANOS_rrhh-empleados_rrhh-empleados] INFO  o.eclipse.m2e.core.internal.Bundles - 	Entry: C:\Users\DELL\.p2\pool\plugins\org.eclipse.m2e.maven.runtime_3.8.701.20230209-1606\jars\maven-settings-builder-3.8.7.jar
2023-06-30 15:22:45,884 [Worker-3: Launching Executing install in C__Users_DELL_Documents_Java-WorkSpace_RECURSOS_HUMANOS_rrhh-empleados_rrhh-empleados] INFO  o.eclipse.m2e.core.internal.Bundles - 	Entry: C:\Users\DELL\.p2\pool\plugins\org.eclipse.m2e.maven.runtime_3.8.701.20230209-1606\jars\maven-shared-utils-3.3.4.jar
2023-06-30 15:22:45,884 [Worker-3: Launching Executing install in C__Users_DELL_Documents_Java-WorkSpace_RECURSOS_HUMANOS_rrhh-empleados_rrhh-empleados] INFO  o.eclipse.m2e.core.internal.Bundles - 	Entry: C:\Users\DELL\.p2\pool\plugins\org.eclipse.m2e.maven.runtime_3.8.701.20230209-1606\jars\okhttp-3.14.1.jar
2023-06-30 15:22:45,884 [Worker-3: Launching Executing install in C__Users_DELL_Documents_Java-WorkSpace_RECURSOS_HUMANOS_rrhh-empleados_rrhh-empleados] INFO  o.eclipse.m2e.core.internal.Bundles - 	Entry: C:\Users\DELL\.p2\pool\plugins\org.eclipse.m2e.maven.runtime_3.8.701.20230209-1606\jars\okio-1.17.3.jar
2023-06-30 15:22:45,884 [Worker-3: Launching Executing install in C__Users_DELL_Documents_Java-WorkSpace_RECURSOS_HUMANOS_rrhh-empleados_rrhh-empleados] INFO  o.eclipse.m2e.core.internal.Bundles - 	Entry: C:\Users\DELL\.p2\pool\plugins\org.eclipse.m2e.maven.runtime_3.8.701.20230209-1606\jars\org.eclipse.sisu.inject-0.3.5.jar
2023-06-30 15:22:45,885 [Worker-3: Launching Executing install in C__Users_DELL_Documents_Java-WorkSpace_RECURSOS_HUMANOS_rrhh-empleados_rrhh-empleados] INFO  o.eclipse.m2e.core.internal.Bundles - 	Entry: C:\Users\DELL\.p2\pool\plugins\org.eclipse.m2e.maven.runtime_3.8.701.20230209-1606\jars\org.eclipse.sisu.plexus-0.3.5.jar
2023-06-30 15:22:45,885 [Worker-3: Launching Executing install in C__Users_DELL_Documents_Java-WorkSpace_RECURSOS_HUMANOS_rrhh-empleados_rrhh-empleados] INFO  o.eclipse.m2e.core.internal.Bundles - 	Entry: C:\Users\DELL\.p2\pool\plugins\org.eclipse.m2e.maven.runtime_3.8.701.20230209-1606\jars\plexus-build-api-0.0.7.jar
2023-06-30 15:22:45,885 [Worker-3: Launching Executing install in C__Users_DELL_Documents_Java-WorkSpace_RECURSOS_HUMANOS_rrhh-empleados_rrhh-empleados] INFO  o.eclipse.m2e.core.internal.Bundles - 	Entry: C:\Users\DELL\.p2\pool\plugins\org.eclipse.m2e.maven.runtime_3.8.701.20230209-1606\jars\plexus-cipher-2.0.jar
2023-06-30 15:22:45,885 [Worker-3: Launching Executing install in C__Users_DELL_Documents_Java-WorkSpace_RECURSOS_HUMANOS_rrhh-empleados_rrhh-empleados] INFO  o.eclipse.m2e.core.internal.Bundles - 	Entry: C:\Users\DELL\.p2\pool\plugins\org.eclipse.m2e.maven.runtime_3.8.701.20230209-1606\jars\plexus-classworlds-2.6.0.jar
2023-06-30 15:22:45,885 [Worker-3: Launching Executing install in C__Users_DELL_Documents_Java-WorkSpace_RECURSOS_HUMANOS_rrhh-empleados_rrhh-empleados] INFO  o.eclipse.m2e.core.internal.Bundles - 	Entry: C:\Users\DELL\.p2\pool\plugins\org.eclipse.m2e.maven.runtime_3.8.701.20230209-1606\jars\plexus-component-annotations-2.1.0.jar
2023-06-30 15:22:45,886 [Worker-3: Launching Executing install in C__Users_DELL_Documents_Java-WorkSpace_RECURSOS_HUMANOS_rrhh-empleados_rrhh-empleados] INFO  o.eclipse.m2e.core.internal.Bundles - 	Entry: C:\Users\DELL\.p2\pool\plugins\org.eclipse.m2e.maven.runtime_3.8.701.20230209-1606\jars\plexus-interpolation-1.26.jar
2023-06-30 15:22:45,886 [Worker-3: Launching Executing install in C__Users_DELL_Documents_Java-WorkSpace_RECURSOS_HUMANOS_rrhh-empleados_rrhh-empleados] INFO  o.eclipse.m2e.core.internal.Bundles - 	Entry: C:\Users\DELL\.p2\pool\plugins\org.eclipse.m2e.maven.runtime_3.8.701.20230209-1606\jars\plexus-sec-dispatcher-2.0.jar
2023-06-30 15:22:45,886 [Worker-3: Launching Executing install in C__Users_DELL_Documents_Java-WorkSpace_RECURSOS_HUMANOS_rrhh-empleados_rrhh-empleados] INFO  o.eclipse.m2e.core.internal.Bundles - 	Entry: C:\Users\DELL\.p2\pool\plugins\org.eclipse.m2e.maven.runtime_3.8.701.20230209-1606\jars\plexus-utils-3.3.1.jar
2023-06-30 15:22:45,886 [Worker-3: Launching Executing install in C__Users_DELL_Documents_Java-WorkSpace_RECURSOS_HUMANOS_rrhh-empleados_rrhh-empleados] INFO  o.eclipse.m2e.core.internal.Bundles - 	Entry: C:\Users\DELL\.p2\pool\plugins\org.eclipse.m2e.maven.runtime_3.8.701.20230209-1606\jars\wagon-file-3.5.3.jar
2023-06-30 15:22:45,886 [Worker-3: Launching Executing install in C__Users_DELL_Documents_Java-WorkSpace_RECURSOS_HUMANOS_rrhh-empleados_rrhh-empleados] INFO  o.eclipse.m2e.core.internal.Bundles - 	Entry: C:\Users\DELL\.p2\pool\plugins\org.eclipse.m2e.maven.runtime_3.8.701.20230209-1606\jars\wagon-provider-api-3.5.3.jar
2023-06-30 15:22:45,889 [Worker-3: Launching Executing install in C__Users_DELL_Documents_Java-WorkSpace_RECURSOS_HUMANOS_rrhh-empleados_rrhh-empleados] INFO  o.eclipse.m2e.core.internal.Bundles - getClasspathEntries(Bundle=com.google.guava_31.1.0.jre [11])
2023-06-30 15:22:45,890 [Worker-3: Launching Executing install in C__Users_DELL_Documents_Java-WorkSpace_RECURSOS_HUMANOS_rrhh-empleados_rrhh-empleados] INFO  o.eclipse.m2e.core.internal.Bundles - 	Entry: C:\Users\DELL\.p2\pool\plugins\com.google.guava_31.1.0.jre.jar
2023-06-30 15:22:45,890 [Worker-3: Launching Executing install in C__Users_DELL_Documents_Java-WorkSpace_RECURSOS_HUMANOS_rrhh-empleados_rrhh-empleados] INFO  o.eclipse.m2e.core.internal.Bundles - getClasspathEntries(Bundle=slf4j.api_1.7.36 [921])
2023-06-30 15:22:45,890 [Worker-3: Launching Executing install in C__Users_DELL_Documents_Java-WorkSpace_RECURSOS_HUMANOS_rrhh-empleados_rrhh-empleados] INFO  o.eclipse.m2e.core.internal.Bundles - 	Entry: C:\Users\DELL\.p2\pool\plugins\slf4j.api_1.7.36.jar
2023-06-30 15:22:45,890 [Worker-3: Launching Executing install in C__Users_DELL_Documents_Java-WorkSpace_RECURSOS_HUMANOS_rrhh-empleados_rrhh-empleados] INFO  o.eclipse.m2e.core.internal.Bundles - getClasspathEntries(Bundle=javax.inject_1.0.0.v20220405-0441 [35])
2023-06-30 15:22:45,892 [Worker-3: Launching Executing install in C__Users_DELL_Documents_Java-WorkSpace_RECURSOS_HUMANOS_rrhh-empleados_rrhh-empleados] INFO  o.eclipse.m2e.core.internal.Bundles - 	Entry: C:\Users\DELL\.p2\pool\plugins\javax.inject_1.0.0.v20220405-0441.jar
2023-06-30 15:22:45,892 [Worker-3: Launching Executing install in C__Users_DELL_Documents_Java-WorkSpace_RECURSOS_HUMANOS_rrhh-empleados_rrhh-empleados] INFO  o.eclipse.m2e.core.internal.Bundles - getClasspathEntries(Bundle=javax.annotation_1.3.5.v20221203-1659 [33])
2023-06-30 15:22:45,893 [Worker-3: Launching Executing install in C__Users_DELL_Documents_Java-WorkSpace_RECURSOS_HUMANOS_rrhh-empleados_rrhh-empleados] INFO  o.eclipse.m2e.core.internal.Bundles - 	Entry: C:\Users\DELL\.p2\pool\plugins\javax.annotation_1.3.5.v20221203-1659.jar
2023-06-30 15:22:45,893 [Worker-3: Launching Executing install in C__Users_DELL_Documents_Java-WorkSpace_RECURSOS_HUMANOS_rrhh-empleados_rrhh-empleados] INFO  o.eclipse.m2e.core.internal.Bundles - getClasspathEntries(Bundle=org.apache.commons.cli_1.4.0.v20221112-0806 [67])
2023-06-30 15:22:45,895 [Worker-3: Launching Executing install in C__Users_DELL_Documents_Java-WorkSpace_RECURSOS_HUMANOS_rrhh-empleados_rrhh-empleados] INFO  o.eclipse.m2e.core.internal.Bundles - 	Entry: C:\Users\DELL\.p2\pool\plugins\org.apache.commons.cli_1.4.0.v20221112-0806.jar
2023-06-30 15:22:45,895 [Worker-3: Launching Executing install in C__Users_DELL_Documents_Java-WorkSpace_RECURSOS_HUMANOS_rrhh-empleados_rrhh-empleados] INFO  o.eclipse.m2e.core.internal.Bundles - getClasspathEntries(Bundle=com.google.guava.failureaccess_1.0.1 [13])
2023-06-30 15:22:45,896 [Worker-3: Launching Executing install in C__Users_DELL_Documents_Java-WorkSpace_RECURSOS_HUMANOS_rrhh-empleados_rrhh-empleados] INFO  o.eclipse.m2e.core.internal.Bundles - 	Entry: C:\Users\DELL\.p2\pool\plugins\com.google.guava.failureaccess_1.0.1.jar
2023-06-30 15:22:45,899 [Worker-3: Launching Executing install in C__Users_DELL_Documents_Java-WorkSpace_RECURSOS_HUMANOS_rrhh-empleados_rrhh-empleados] INFO  o.e.m.i.launch.MavenLaunchDelegate - Run build in "C:\Users\DELL\Documents\Java-WorkSpace\RECURSOS_HUMANOS\rrhh-empleados\rrhh-empleados":
2023-06-30 15:22:45,902 [Worker-3: Launching Executing install in C__Users_DELL_Documents_Java-WorkSpace_RECURSOS_HUMANOS_rrhh-empleados_rrhh-empleados] INFO  o.e.m.i.launch.MavenLaunchDelegate -  mvn  -B -Dstyle.color=always install
2023-06-30 15:26:05,078 [Worker-3: Building] INFO  o.a.m.s.f.DefaultMavenResourcesFiltering - Copying 1 resource from src\main\resources to target\classes
2023-06-30 15:26:05,165 [Worker-3: Building] INFO  o.a.m.s.f.DefaultMavenResourcesFiltering - Copying 3 resources from src\main\resources to target\classes
2023-06-30 15:26:05,175 [Worker-3: Building] INFO  o.a.m.s.f.DefaultMavenResourcesFiltering - skip non existing resourceDirectory C:\Users\DELL\Documents\Java-WorkSpace\RECURSOS_HUMANOS\rrhh-empleados\rrhh-empleados\src\test\resources
2023-06-30 15:28:46,540 [Worker-15: Building] INFO  o.a.m.s.f.DefaultMavenResourcesFiltering - Copying 1 resource from src\main\resources to target\classes
2023-06-30 15:28:46,552 [Worker-15: Building] INFO  o.a.m.s.f.DefaultMavenResourcesFiltering - Copying 3 resources from src\main\resources to target\classes
2023-06-30 15:28:46,562 [Worker-15: Building] INFO  o.a.m.s.f.DefaultMavenResourcesFiltering - skip non existing resourceDirectory C:\Users\DELL\Documents\Java-WorkSpace\RECURSOS_HUMANOS\rrhh-empleados\rrhh-empleados\src\test\resources
2023-06-30 15:29:31,242 [Worker-15: Building] INFO  o.a.m.s.f.DefaultMavenResourcesFiltering - Copying 1 resource from src\main\resources to target\classes
2023-06-30 15:29:31,254 [Worker-15: Building] INFO  o.a.m.s.f.DefaultMavenResourcesFiltering - Copying 3 resources from src\main\resources to target\classes
2023-06-30 15:29:31,259 [Worker-15: Building] INFO  o.a.m.s.f.DefaultMavenResourcesFiltering - skip non existing resourceDirectory C:\Users\DELL\Documents\Java-WorkSpace\RECURSOS_HUMANOS\rrhh-empleados\rrhh-empleados\src\test\resources
2023-06-30 15:44:00,825 [Worker-22: Building] INFO  o.a.m.s.f.DefaultMavenResourcesFiltering - Copying 1 resource from src\main\resources to target\classes
2023-06-30 15:44:00,836 [Worker-22: Building] INFO  o.a.m.s.f.DefaultMavenResourcesFiltering - Copying 3 resources from src\main\resources to target\classes
2023-06-30 15:44:00,842 [Worker-22: Building] INFO  o.a.m.s.f.DefaultMavenResourcesFiltering - skip non existing resourceDirectory C:\Users\DELL\Documents\Java-WorkSpace\RECURSOS_HUMANOS\rrhh-empleados\rrhh-empleados\src\test\resources
2023-06-30 15:57:11,719 [Worker-28: Building] INFO  o.a.m.s.f.DefaultMavenResourcesFiltering - Copying 1 resource from src\main\resources to target\classes
2023-06-30 15:57:11,726 [Worker-28: Building] INFO  o.a.m.s.f.DefaultMavenResourcesFiltering - Copying 3 resources from src\main\resources to target\classes
2023-06-30 15:57:11,732 [Worker-28: Building] INFO  o.a.m.s.f.DefaultMavenResourcesFiltering - skip non existing resourceDirectory C:\Users\DELL\Documents\Java-WorkSpace\RECURSOS_HUMANOS\rrhh-empleados\rrhh-empleados\src\test\resources
2023-06-30 15:58:37,425 [Worker-29: Building] INFO  o.a.m.s.f.DefaultMavenResourcesFiltering - Copying 1 resource from src\main\resources to target\classes
2023-06-30 15:58:37,434 [Worker-29: Building] INFO  o.a.m.s.f.DefaultMavenResourcesFiltering - Copying 3 resources from src\main\resources to target\classes
2023-06-30 15:58:37,439 [Worker-29: Building] INFO  o.a.m.s.f.DefaultMavenResourcesFiltering - skip non existing resourceDirectory C:\Users\DELL\Documents\Java-WorkSpace\RECURSOS_HUMANOS\rrhh-empleados\rrhh-empleados\src\test\resources
2023-06-30 16:08:33,826 [Worker-37: Building] INFO  o.a.m.s.f.DefaultMavenResourcesFiltering - Copying 1 resource from src\main\resources to target\classes
2023-06-30 16:08:33,839 [Worker-37: Building] INFO  o.a.m.s.f.DefaultMavenResourcesFiltering - Copying 3 resources from src\main\resources to target\classes
2023-06-30 16:08:33,845 [Worker-37: Building] INFO  o.a.m.s.f.DefaultMavenResourcesFiltering - skip non existing resourceDirectory C:\Users\DELL\Documents\Java-WorkSpace\RECURSOS_HUMANOS\rrhh-empleados\rrhh-empleados\src\test\resources
2023-06-30 16:09:44,021 [Worker-37: Building] INFO  o.a.m.s.f.DefaultMavenResourcesFiltering - Copying 1 resource from src\main\resources to target\classes
2023-06-30 16:09:44,029 [Worker-37: Building] INFO  o.a.m.s.f.DefaultMavenResourcesFiltering - Copying 3 resources from src\main\resources to target\classes
2023-06-30 16:09:44,034 [Worker-37: Building] INFO  o.a.m.s.f.DefaultMavenResourcesFiltering - skip non existing resourceDirectory C:\Users\DELL\Documents\Java-WorkSpace\RECURSOS_HUMANOS\rrhh-empleados\rrhh-empleados\src\test\resources
2023-06-30 16:16:47,912 [Worker-41: Building] INFO  o.a.m.s.f.DefaultMavenResourcesFiltering - Copying 1 resource from src\main\resources to target\classes
2023-06-30 16:16:47,918 [Worker-41: Building] INFO  o.a.m.s.f.DefaultMavenResourcesFiltering - Copying 3 resources from src\main\resources to target\classes
2023-06-30 16:16:47,923 [Worker-41: Building] INFO  o.a.m.s.f.DefaultMavenResourcesFiltering - skip non existing resourceDirectory C:\Users\DELL\Documents\Java-WorkSpace\RECURSOS_HUMANOS\rrhh-empleados\rrhh-empleados\src\test\resources
2023-06-30 16:17:44,616 [Worker-41: Building] INFO  o.a.m.s.f.DefaultMavenResourcesFiltering - Copying 1 resource from src\main\resources to target\classes
2023-06-30 16:17:44,624 [Worker-41: Building] INFO  o.a.m.s.f.DefaultMavenResourcesFiltering - Copying 3 resources from src\main\resources to target\classes
2023-06-30 16:17:44,630 [Worker-41: Building] INFO  o.a.m.s.f.DefaultMavenResourcesFiltering - skip non existing resourceDirectory C:\Users\DELL\Documents\Java-WorkSpace\RECURSOS_HUMANOS\rrhh-empleados\rrhh-empleados\src\test\resources
2023-06-30 16:18:24,227 [Worker-43: Building] INFO  o.a.m.s.f.DefaultMavenResourcesFiltering - Copying 1 resource from src\main\resources to target\classes
2023-06-30 16:18:24,269 [Worker-43: Building] INFO  o.a.m.s.f.DefaultMavenResourcesFiltering - Copying 3 resources from src\main\resources to target\classes
2023-06-30 16:18:24,275 [Worker-43: Building] INFO  o.a.m.s.f.DefaultMavenResourcesFiltering - skip non existing resourceDirectory C:\Users\DELL\Documents\Java-WorkSpace\RECURSOS_HUMANOS\rrhh-empleados\rrhh-empleados\src\test\resources
2023-06-30 16:20:57,410 [Worker-36: Building] INFO  o.a.m.s.f.DefaultMavenResourcesFiltering - Copying 1 resource from src\main\resources to target\classes
2023-06-30 16:20:57,416 [Worker-36: Building] INFO  o.a.m.s.f.DefaultMavenResourcesFiltering - Copying 3 resources from src\main\resources to target\classes
2023-06-30 16:20:57,421 [Worker-36: Building] INFO  o.a.m.s.f.DefaultMavenResourcesFiltering - skip non existing resourceDirectory C:\Users\DELL\Documents\Java-WorkSpace\RECURSOS_HUMANOS\rrhh-empleados\rrhh-empleados\src\test\resources
2023-06-30 16:21:18,962 [Worker-43: Building] INFO  o.a.m.s.f.DefaultMavenResourcesFiltering - Copying 1 resource from src\main\resources to target\classes
2023-06-30 16:21:18,970 [Worker-43: Building] INFO  o.a.m.s.f.DefaultMavenResourcesFiltering - Copying 3 resources from src\main\resources to target\classes
2023-06-30 16:21:18,975 [Worker-43: Building] INFO  o.a.m.s.f.DefaultMavenResourcesFiltering - skip non existing resourceDirectory C:\Users\DELL\Documents\Java-WorkSpace\RECURSOS_HUMANOS\rrhh-empleados\rrhh-empleados\src\test\resources
2023-06-30 16:39:11,904 [Worker-47: Building] INFO  o.a.m.s.f.DefaultMavenResourcesFiltering - Copying 1 resource from src\main\resources to target\classes
2023-06-30 16:39:11,945 [Worker-47: Building] INFO  o.a.m.s.f.DefaultMavenResourcesFiltering - Copying 3 resources from src\main\resources to target\classes
2023-06-30 16:39:11,978 [Worker-47: Building] INFO  o.a.m.s.f.DefaultMavenResourcesFiltering - skip non existing resourceDirectory C:\Users\DELL\Documents\Java-WorkSpace\RECURSOS_HUMANOS\rrhh-empleados\rrhh-empleados\src\test\resources
2023-06-30 16:52:16,203 [Worker-48: Building] INFO  o.a.m.s.f.DefaultMavenResourcesFiltering - Copying 1 resource from src\main\resources to target\classes
2023-06-30 16:52:16,211 [Worker-48: Building] INFO  o.a.m.s.f.DefaultMavenResourcesFiltering - Copying 3 resources from src\main\resources to target\classes
2023-06-30 16:52:16,235 [Worker-48: Building] INFO  o.a.m.s.f.DefaultMavenResourcesFiltering - skip non existing resourceDirectory C:\Users\DELL\Documents\Java-WorkSpace\RECURSOS_HUMANOS\rrhh-empleados\rrhh-empleados\src\test\resources
2023-06-30 17:16:34,352 [Worker-50: Building] INFO  o.a.m.s.f.DefaultMavenResourcesFiltering - Copying 1 resource from src\main\resources to target\classes
2023-06-30 17:16:34,360 [Worker-50: Building] INFO  o.a.m.s.f.DefaultMavenResourcesFiltering - Copying 3 resources from src\main\resources to target\classes
2023-06-30 17:16:34,364 [Worker-50: Building] INFO  o.a.m.s.f.DefaultMavenResourcesFiltering - skip non existing resourceDirectory C:\Users\DELL\Documents\Java-WorkSpace\RECURSOS_HUMANOS\rrhh-empleados\rrhh-empleados\src\test\resources
2023-06-30 17:19:43,661 [Worker-50: Building] INFO  o.a.m.s.f.DefaultMavenResourcesFiltering - Copying 1 resource from src\main\resources to target\classes
2023-06-30 17:19:43,667 [Worker-50: Building] INFO  o.a.m.s.f.DefaultMavenResourcesFiltering - Copying 3 resources from src\main\resources to target\classes
2023-06-30 17:19:43,671 [Worker-50: Building] INFO  o.a.m.s.f.DefaultMavenResourcesFiltering - skip non existing resourceDirectory C:\Users\DELL\Documents\Java-WorkSpace\RECURSOS_HUMANOS\rrhh-empleados\rrhh-empleados\src\test\resources
2023-06-30 17:24:02,851 [Worker-56: Building] INFO  o.a.m.s.f.DefaultMavenResourcesFiltering - Copying 1 resource from src\main\resources to target\classes
2023-06-30 17:24:02,858 [Worker-56: Building] INFO  o.a.m.s.f.DefaultMavenResourcesFiltering - Copying 3 resources from src\main\resources to target\classes
2023-06-30 17:24:02,863 [Worker-56: Building] INFO  o.a.m.s.f.DefaultMavenResourcesFiltering - skip non existing resourceDirectory C:\Users\DELL\Documents\Java-WorkSpace\RECURSOS_HUMANOS\rrhh-empleados\rrhh-empleados\src\test\resources
2023-06-30 17:25:21,495 [Worker-51: Building] INFO  o.a.m.s.f.DefaultMavenResourcesFiltering - Copying 1 resource from src\main\resources to target\classes
2023-06-30 17:25:21,505 [Worker-51: Building] INFO  o.a.m.s.f.DefaultMavenResourcesFiltering - Copying 3 resources from src\main\resources to target\classes
2023-06-30 17:25:21,510 [Worker-51: Building] INFO  o.a.m.s.f.DefaultMavenResourcesFiltering - skip non existing resourceDirectory C:\Users\DELL\Documents\Java-WorkSpace\RECURSOS_HUMANOS\rrhh-empleados\rrhh-empleados\src\test\resources
2023-06-30 17:29:29,610 [Worker-57: Building] INFO  o.a.m.s.f.DefaultMavenResourcesFiltering - Copying 1 resource from src\main\resources to target\classes
2023-06-30 17:29:29,620 [Worker-57: Building] INFO  o.a.m.s.f.DefaultMavenResourcesFiltering - Copying 3 resources from src\main\resources to target\classes
2023-06-30 17:29:29,624 [Worker-57: Building] INFO  o.a.m.s.f.DefaultMavenResourcesFiltering - skip non existing resourceDirectory C:\Users\DELL\Documents\Java-WorkSpace\RECURSOS_HUMANOS\rrhh-empleados\rrhh-empleados\src\test\resources
2023-06-30 17:31:12,737 [Worker-58: Building] INFO  o.a.m.s.f.DefaultMavenResourcesFiltering - Copying 1 resource from src\main\resources to target\classes
2023-06-30 17:31:12,745 [Worker-58: Building] INFO  o.a.m.s.f.DefaultMavenResourcesFiltering - Copying 3 resources from src\main\resources to target\classes
2023-06-30 17:31:12,753 [Worker-58: Building] INFO  o.a.m.s.f.DefaultMavenResourcesFiltering - skip non existing resourceDirectory C:\Users\DELL\Documents\Java-WorkSpace\RECURSOS_HUMANOS\rrhh-empleados\rrhh-empleados\src\test\resources
2023-06-30 17:32:08,429 [Worker-60: Building] INFO  o.a.m.s.f.DefaultMavenResourcesFiltering - Copying 1 resource from src\main\resources to target\classes
2023-06-30 17:32:08,435 [Worker-60: Building] INFO  o.a.m.s.f.DefaultMavenResourcesFiltering - Copying 3 resources from src\main\resources to target\classes
2023-06-30 17:32:08,440 [Worker-60: Building] INFO  o.a.m.s.f.DefaultMavenResourcesFiltering - skip non existing resourceDirectory C:\Users\DELL\Documents\Java-WorkSpace\RECURSOS_HUMANOS\rrhh-empleados\rrhh-empleados\src\test\resources
2023-06-30 18:18:29,738 [Worker-62: Building] INFO  o.a.m.s.f.DefaultMavenResourcesFiltering - Copying 1 resource from src\main\resources to target\classes
2023-06-30 18:18:29,747 [Worker-62: Building] INFO  o.a.m.s.f.DefaultMavenResourcesFiltering - Copying 3 resources from src\main\resources to target\classes
2023-06-30 18:18:29,751 [Worker-62: Building] INFO  o.a.m.s.f.DefaultMavenResourcesFiltering - skip non existing resourceDirectory C:\Users\DELL\Documents\Java-WorkSpace\RECURSOS_HUMANOS\rrhh-empleados\rrhh-empleados\src\test\resources
2023-06-30 21:09:05,138 [Worker-74: Building] INFO  o.e.m.c.i.l.LifecycleMappingFactory - Using org.eclipse.m2e.jdt.JarLifecycleMapping lifecycle mapping for MavenProject: com.rrhh.uth:rrhh-empleados:1.0-SNAPSHOT @ C:\Users\DELL\Documents\Java-WorkSpace\RECURSOS_HUMANOS\rrhh-empleados\rrhh-empleados\pom.xml.
2023-06-30 21:09:06,950 [Worker-74: Building] INFO  o.a.m.s.f.DefaultMavenResourcesFiltering - Copying 0 resource from src\main\resources to target\classes
2023-06-30 21:09:06,951 [Worker-74: Building] INFO  o.a.m.s.f.DefaultMavenResourcesFiltering - Copying 0 resource from src\main\resources to target\classes
2023-06-30 21:09:06,954 [Worker-74: Building] INFO  o.a.m.s.f.DefaultMavenResourcesFiltering - skip non existing resourceDirectory C:\Users\DELL\Documents\Java-WorkSpace\RECURSOS_HUMANOS\rrhh-empleados\rrhh-empleados\src\test\resources
2023-07-02 17:48:09,571 [Worker-4: Loading available Gradle versions] INFO  o.e.b.c.i.u.g.PublishedGradleVersions - Gradle version information cache is up-to-date. Trying to read.
2023-07-02 17:48:09,889 [Worker-5: reload maven project] ERROR o.e.m2e.editor.pom.MavenPomEditor - failed to load maven project for org.eclipse.ui.part.FileEditorInput(/rrhh-empleados/pom.xml)
org.eclipse.core.runtime.CoreException: Could not read maven project
	at org.eclipse.m2e.core.internal.project.registry.ProjectRegistryManager.readProjectWithDependencies(ProjectRegistryManager.java:876)
	at org.eclipse.m2e.core.internal.project.registry.MavenProjectCache$CacheLine.lambda$1(MavenProjectCache.java:192)
	at java.base/java.util.concurrent.ConcurrentHashMap.computeIfAbsent(ConcurrentHashMap.java:1708)
	at org.eclipse.m2e.core.internal.project.registry.MavenProjectCache$CacheLine.getProject(MavenProjectCache.java:191)
	at org.eclipse.m2e.core.internal.project.registry.MavenProjectCache.getMavenProject(MavenProjectCache.java:105)
	at org.eclipse.m2e.core.internal.project.registry.ProjectRegistryManager.lambda$22(ProjectRegistryManager.java:1063)
	at java.base/java.util.Map.computeIfAbsent(Map.java:1054)
	at org.eclipse.m2e.core.internal.project.registry.ProjectRegistryManager.getMavenProject(ProjectRegistryManager.java:1062)
	at org.eclipse.m2e.core.internal.project.registry.MavenProjectFacade.getMavenProject(MavenProjectFacade.java:289)
	at org.eclipse.m2e.core.ui.internal.actions.SelectionUtil.getMavenProject(SelectionUtil.java:241)
	at org.eclipse.m2e.editor.pom.MavenPomEditor.readMavenProject(MavenPomEditor.java:708)
	at org.eclipse.m2e.editor.pom.MavenPomEditor$4.run(MavenPomEditor.java:1028)
	at org.eclipse.core.internal.jobs.Worker.run(Worker.java:63)
2023-07-02 18:00:25,487 [Worker-2: Loading available Gradle versions] INFO  o.e.b.c.i.u.g.PublishedGradleVersions - Gradle version information cache is up-to-date. Trying to read.
2023-07-02 18:00:26,351 [Worker-4: reload maven project] ERROR o.e.m2e.editor.pom.MavenPomEditor - failed to load maven project for org.eclipse.ui.part.FileEditorInput(/rrhh-empleados/pom.xml)
org.eclipse.core.runtime.CoreException: Could not read maven project
	at org.eclipse.m2e.core.internal.project.registry.ProjectRegistryManager.readProjectWithDependencies(ProjectRegistryManager.java:876)
	at org.eclipse.m2e.core.internal.project.registry.MavenProjectCache$CacheLine.lambda$1(MavenProjectCache.java:192)
	at java.base/java.util.concurrent.ConcurrentHashMap.computeIfAbsent(ConcurrentHashMap.java:1708)
	at org.eclipse.m2e.core.internal.project.registry.MavenProjectCache$CacheLine.getProject(MavenProjectCache.java:191)
	at org.eclipse.m2e.core.internal.project.registry.MavenProjectCache.getMavenProject(MavenProjectCache.java:105)
	at org.eclipse.m2e.core.internal.project.registry.ProjectRegistryManager.lambda$22(ProjectRegistryManager.java:1063)
	at java.base/java.util.Map.computeIfAbsent(Map.java:1054)
	at org.eclipse.m2e.core.internal.project.registry.ProjectRegistryManager.getMavenProject(ProjectRegistryManager.java:1062)
	at org.eclipse.m2e.core.internal.project.registry.MavenProjectFacade.getMavenProject(MavenProjectFacade.java:289)
	at org.eclipse.m2e.core.ui.internal.actions.SelectionUtil.getMavenProject(SelectionUtil.java:241)
	at org.eclipse.m2e.editor.pom.MavenPomEditor.readMavenProject(MavenPomEditor.java:708)
	at org.eclipse.m2e.editor.pom.MavenPomEditor$4.run(MavenPomEditor.java:1028)
	at org.eclipse.core.internal.jobs.Worker.run(Worker.java:63)
2023-07-02 18:03:34,908 [Worker-7: Importing Maven projects] INFO  o.e.m.c.i.l.LifecycleMappingFactory - Using org.eclipse.m2e.jdt.JarLifecycleMapping lifecycle mapping for MavenProject: com.rrhh.uth:rrhh-empleados:1.0-SNAPSHOT @ C:\Users\DELL\Documents\Java-WorkSpace\RECURSOS_HUMANOS\rrhh-empleados-proyecto\rrhh-empleados\pom.xml.
2023-07-02 18:03:45,569 [Worker-7: Importing Maven projects] INFO  org.reflections.Reflections - Reflections took 1972 ms to scan 163 urls, producing 8955 keys and 44067 values
2023-07-02 18:03:45,608 [Worker-7: Importing Maven projects] INFO  c.v.f.s.f.TaskCopyFrontendFiles - Copying frontend resources from jar files ...
2023-07-02 18:03:45,835 [Worker-7: Importing Maven projects] INFO  c.v.f.s.f.TaskCopyFrontendFiles - Visited 162 resources. Took 226 ms.
2023-07-02 18:03:45,986 [Worker-7: Importing Maven projects] INFO  o.e.m.j.i.AbstractJavaProjectConfigurator - Adding source folder /rrhh-empleados/src/main/java
2023-07-02 18:03:45,987 [Worker-7: Importing Maven projects] INFO  o.e.m.j.i.AbstractJavaProjectConfigurator - Adding resource folder /rrhh-empleados/src/main/resources
2023-07-02 18:03:45,987 [Worker-7: Importing Maven projects] INFO  o.e.m.j.i.AbstractJavaProjectConfigurator - Adding resource folder /rrhh-empleados/src/main/resources
2023-07-02 18:03:45,988 [Worker-7: Importing Maven projects] INFO  o.e.m.j.i.AbstractJavaProjectConfigurator - Adding source folder /rrhh-empleados/src/test/java
2023-07-02 18:03:46,651 [Worker-7: Importing Maven projects] INFO  o.e.m.c.i.p.ProjectConfigurationManager - Imported and configured 1 project(s) in 14 sec
2023-07-02 18:03:48,244 [Worker-5: Building] INFO  o.a.m.s.f.DefaultMavenResourcesFiltering - Copying 1 resource from src\main\resources to target\classes
2023-07-02 18:03:48,263 [Worker-5: Building] INFO  o.a.m.s.f.DefaultMavenResourcesFiltering - Copying 3 resources from src\main\resources to target\classes
2023-07-02 18:03:51,232 [Worker-5: Building] INFO  org.reflections.Reflections - Reflections took 1102 ms to scan 163 urls, producing 8955 keys and 44067 values
2023-07-02 18:03:51,240 [Worker-5: Building] INFO  c.v.f.s.f.TaskCopyFrontendFiles - Copying frontend resources from jar files ...
2023-07-02 18:03:51,444 [Worker-5: Building] INFO  c.v.f.s.f.TaskCopyFrontendFiles - Visited 162 resources. Took 204 ms.
2023-07-02 18:03:51,449 [Worker-5: Building] INFO  o.a.m.s.f.DefaultMavenResourcesFiltering - skip non existing resourceDirectory C:\Users\DELL\Documents\Java-WorkSpace\RECURSOS_HUMANOS\rrhh-empleados-proyecto\rrhh-empleados\src\test\resources
2023-07-02 18:04:07,033 [Worker-17: Launching Executing install in C__Users_DELL_Documents_Java-WorkSpace_RECURSOS_HUMANOS_rrhh-empleados-proyecto_rrhh-empleados] INFO  o.eclipse.m2e.core.internal.Bundles - getClasspathEntries(Bundle=org.eclipse.m2e.maven.runtime_3.8.701.20230209-1606 [607])
2023-07-02 18:04:07,037 [Worker-17: Launching Executing install in C__Users_DELL_Documents_Java-WorkSpace_RECURSOS_HUMANOS_rrhh-empleados-proyecto_rrhh-empleados] INFO  o.eclipse.m2e.core.internal.Bundles - 	Entry: C:\Users\DELL\.p2\pool\plugins\org.eclipse.m2e.maven.runtime_3.8.701.20230209-1606
2023-07-02 18:04:07,038 [Worker-17: Launching Executing install in C__Users_DELL_Documents_Java-WorkSpace_RECURSOS_HUMANOS_rrhh-empleados-proyecto_rrhh-empleados] INFO  o.eclipse.m2e.core.internal.Bundles - 	Entry: C:\Users\DELL\.p2\pool\plugins\org.eclipse.m2e.maven.runtime_3.8.701.20230209-1606\jars\aether-connector-okhttp-0.17.8.jar
2023-07-02 18:04:07,038 [Worker-17: Launching Executing install in C__Users_DELL_Documents_Java-WorkSpace_RECURSOS_HUMANOS_rrhh-empleados-proyecto_rrhh-empleados] INFO  o.eclipse.m2e.core.internal.Bundles - 	Entry: C:\Users\DELL\.p2\pool\plugins\org.eclipse.m2e.maven.runtime_3.8.701.20230209-1606\jars\commons-lang3-3.8.1.jar
2023-07-02 18:04:07,038 [Worker-17: Launching Executing install in C__Users_DELL_Documents_Java-WorkSpace_RECURSOS_HUMANOS_rrhh-empleados-proyecto_rrhh-empleados] INFO  o.eclipse.m2e.core.internal.Bundles - 	Entry: C:\Users\DELL\.p2\pool\plugins\org.eclipse.m2e.maven.runtime_3.8.701.20230209-1606\jars\guice-4.2.2-no_aop.jar
2023-07-02 18:04:07,038 [Worker-17: Launching Executing install in C__Users_DELL_Documents_Java-WorkSpace_RECURSOS_HUMANOS_rrhh-empleados-proyecto_rrhh-empleados] INFO  o.eclipse.m2e.core.internal.Bundles - 	Entry: C:\Users\DELL\.p2\pool\plugins\org.eclipse.m2e.maven.runtime_3.8.701.20230209-1606\jars\jansi-2.4.0.jar
2023-07-02 18:04:07,039 [Worker-17: Launching Executing install in C__Users_DELL_Documents_Java-WorkSpace_RECURSOS_HUMANOS_rrhh-empleados-proyecto_rrhh-empleados] INFO  o.eclipse.m2e.core.internal.Bundles - 	Entry: C:\Users\DELL\.p2\pool\plugins\org.eclipse.m2e.maven.runtime_3.8.701.20230209-1606\jars\maven-artifact-3.8.7.jar
2023-07-02 18:04:07,039 [Worker-17: Launching Executing install in C__Users_DELL_Documents_Java-WorkSpace_RECURSOS_HUMANOS_rrhh-empleados-proyecto_rrhh-empleados] INFO  o.eclipse.m2e.core.internal.Bundles - 	Entry: C:\Users\DELL\.p2\pool\plugins\org.eclipse.m2e.maven.runtime_3.8.701.20230209-1606\jars\maven-builder-support-3.8.7.jar
2023-07-02 18:04:07,039 [Worker-17: Launching Executing install in C__Users_DELL_Documents_Java-WorkSpace_RECURSOS_HUMANOS_rrhh-empleados-proyecto_rrhh-empleados] INFO  o.eclipse.m2e.core.internal.Bundles - 	Entry: C:\Users\DELL\.p2\pool\plugins\org.eclipse.m2e.maven.runtime_3.8.701.20230209-1606\jars\maven-compat-3.8.7.jar
2023-07-02 18:04:07,039 [Worker-17: Launching Executing install in C__Users_DELL_Documents_Java-WorkSpace_RECURSOS_HUMANOS_rrhh-empleados-proyecto_rrhh-empleados] INFO  o.eclipse.m2e.core.internal.Bundles - 	Entry: C:\Users\DELL\.p2\pool\plugins\org.eclipse.m2e.maven.runtime_3.8.701.20230209-1606\jars\maven-core-3.8.7.jar
2023-07-02 18:04:07,039 [Worker-17: Launching Executing install in C__Users_DELL_Documents_Java-WorkSpace_RECURSOS_HUMANOS_rrhh-empleados-proyecto_rrhh-empleados] INFO  o.eclipse.m2e.core.internal.Bundles - 	Entry: C:\Users\DELL\.p2\pool\plugins\org.eclipse.m2e.maven.runtime_3.8.701.20230209-1606\jars\maven-embedder-3.8.7.jar
2023-07-02 18:04:07,039 [Worker-17: Launching Executing install in C__Users_DELL_Documents_Java-WorkSpace_RECURSOS_HUMANOS_rrhh-empleados-proyecto_rrhh-empleados] INFO  o.eclipse.m2e.core.internal.Bundles - 	Entry: C:\Users\DELL\.p2\pool\plugins\org.eclipse.m2e.maven.runtime_3.8.701.20230209-1606\jars\maven-model-3.8.7.jar
2023-07-02 18:04:07,040 [Worker-17: Launching Executing install in C__Users_DELL_Documents_Java-WorkSpace_RECURSOS_HUMANOS_rrhh-empleados-proyecto_rrhh-empleados] INFO  o.eclipse.m2e.core.internal.Bundles - 	Entry: C:\Users\DELL\.p2\pool\plugins\org.eclipse.m2e.maven.runtime_3.8.701.20230209-1606\jars\maven-model-builder-3.8.7.jar
2023-07-02 18:04:07,040 [Worker-17: Launching Executing install in C__Users_DELL_Documents_Java-WorkSpace_RECURSOS_HUMANOS_rrhh-empleados-proyecto_rrhh-empleados] INFO  o.eclipse.m2e.core.internal.Bundles - 	Entry: C:\Users\DELL\.p2\pool\plugins\org.eclipse.m2e.maven.runtime_3.8.701.20230209-1606\jars\maven-plugin-api-3.8.7.jar
2023-07-02 18:04:07,040 [Worker-17: Launching Executing install in C__Users_DELL_Documents_Java-WorkSpace_RECURSOS_HUMANOS_rrhh-empleados-proyecto_rrhh-empleados] INFO  o.eclipse.m2e.core.internal.Bundles - 	Entry: C:\Users\DELL\.p2\pool\plugins\org.eclipse.m2e.maven.runtime_3.8.701.20230209-1606\jars\maven-repository-metadata-3.8.7.jar
2023-07-02 18:04:07,040 [Worker-17: Launching Executing install in C__Users_DELL_Documents_Java-WorkSpace_RECURSOS_HUMANOS_rrhh-empleados-proyecto_rrhh-empleados] INFO  o.eclipse.m2e.core.internal.Bundles - 	Entry: C:\Users\DELL\.p2\pool\plugins\org.eclipse.m2e.maven.runtime_3.8.701.20230209-1606\jars\maven-resolver-api-1.6.3.jar
2023-07-02 18:04:07,040 [Worker-17: Launching Executing install in C__Users_DELL_Documents_Java-WorkSpace_RECURSOS_HUMANOS_rrhh-empleados-proyecto_rrhh-empleados] INFO  o.eclipse.m2e.core.internal.Bundles - 	Entry: C:\Users\DELL\.p2\pool\plugins\org.eclipse.m2e.maven.runtime_3.8.701.20230209-1606\jars\maven-resolver-connector-basic-1.6.3.jar
2023-07-02 18:04:07,041 [Worker-17: Launching Executing install in C__Users_DELL_Documents_Java-WorkSpace_RECURSOS_HUMANOS_rrhh-empleados-proyecto_rrhh-empleados] INFO  o.eclipse.m2e.core.internal.Bundles - 	Entry: C:\Users\DELL\.p2\pool\plugins\org.eclipse.m2e.maven.runtime_3.8.701.20230209-1606\jars\maven-resolver-impl-1.6.3.jar
2023-07-02 18:04:07,041 [Worker-17: Launching Executing install in C__Users_DELL_Documents_Java-WorkSpace_RECURSOS_HUMANOS_rrhh-empleados-proyecto_rrhh-empleados] INFO  o.eclipse.m2e.core.internal.Bundles - 	Entry: C:\Users\DELL\.p2\pool\plugins\org.eclipse.m2e.maven.runtime_3.8.701.20230209-1606\jars\maven-resolver-provider-3.8.7.jar
2023-07-02 18:04:07,041 [Worker-17: Launching Executing install in C__Users_DELL_Documents_Java-WorkSpace_RECURSOS_HUMANOS_rrhh-empleados-proyecto_rrhh-empleados] INFO  o.eclipse.m2e.core.internal.Bundles - 	Entry: C:\Users\DELL\.p2\pool\plugins\org.eclipse.m2e.maven.runtime_3.8.701.20230209-1606\jars\maven-resolver-spi-1.6.3.jar
2023-07-02 18:04:07,041 [Worker-17: Launching Executing install in C__Users_DELL_Documents_Java-WorkSpace_RECURSOS_HUMANOS_rrhh-empleados-proyecto_rrhh-empleados] INFO  o.eclipse.m2e.core.internal.Bundles - 	Entry: C:\Users\DELL\.p2\pool\plugins\org.eclipse.m2e.maven.runtime_3.8.701.20230209-1606\jars\maven-resolver-transport-wagon-1.6.3.jar
2023-07-02 18:04:07,041 [Worker-17: Launching Executing install in C__Users_DELL_Documents_Java-WorkSpace_RECURSOS_HUMANOS_rrhh-empleados-proyecto_rrhh-empleados] INFO  o.eclipse.m2e.core.internal.Bundles - 	Entry: C:\Users\DELL\.p2\pool\plugins\org.eclipse.m2e.maven.runtime_3.8.701.20230209-1606\jars\maven-resolver-util-1.6.3.jar
2023-07-02 18:04:07,042 [Worker-17: Launching Executing install in C__Users_DELL_Documents_Java-WorkSpace_RECURSOS_HUMANOS_rrhh-empleados-proyecto_rrhh-empleados] INFO  o.eclipse.m2e.core.internal.Bundles - 	Entry: C:\Users\DELL\.p2\pool\plugins\org.eclipse.m2e.maven.runtime_3.8.701.20230209-1606\jars\maven-settings-3.8.7.jar
2023-07-02 18:04:07,043 [Worker-17: Launching Executing install in C__Users_DELL_Documents_Java-WorkSpace_RECURSOS_HUMANOS_rrhh-empleados-proyecto_rrhh-empleados] INFO  o.eclipse.m2e.core.internal.Bundles - 	Entry: C:\Users\DELL\.p2\pool\plugins\org.eclipse.m2e.maven.runtime_3.8.701.20230209-1606\jars\maven-settings-builder-3.8.7.jar
2023-07-02 18:04:07,043 [Worker-17: Launching Executing install in C__Users_DELL_Documents_Java-WorkSpace_RECURSOS_HUMANOS_rrhh-empleados-proyecto_rrhh-empleados] INFO  o.eclipse.m2e.core.internal.Bundles - 	Entry: C:\Users\DELL\.p2\pool\plugins\org.eclipse.m2e.maven.runtime_3.8.701.20230209-1606\jars\maven-shared-utils-3.3.4.jar
2023-07-02 18:04:07,043 [Worker-17: Launching Executing install in C__Users_DELL_Documents_Java-WorkSpace_RECURSOS_HUMANOS_rrhh-empleados-proyecto_rrhh-empleados] INFO  o.eclipse.m2e.core.internal.Bundles - 	Entry: C:\Users\DELL\.p2\pool\plugins\org.eclipse.m2e.maven.runtime_3.8.701.20230209-1606\jars\okhttp-3.14.1.jar
2023-07-02 18:04:07,044 [Worker-17: Launching Executing install in C__Users_DELL_Documents_Java-WorkSpace_RECURSOS_HUMANOS_rrhh-empleados-proyecto_rrhh-empleados] INFO  o.eclipse.m2e.core.internal.Bundles - 	Entry: C:\Users\DELL\.p2\pool\plugins\org.eclipse.m2e.maven.runtime_3.8.701.20230209-1606\jars\okio-1.17.3.jar
2023-07-02 18:04:07,044 [Worker-17: Launching Executing install in C__Users_DELL_Documents_Java-WorkSpace_RECURSOS_HUMANOS_rrhh-empleados-proyecto_rrhh-empleados] INFO  o.eclipse.m2e.core.internal.Bundles - 	Entry: C:\Users\DELL\.p2\pool\plugins\org.eclipse.m2e.maven.runtime_3.8.701.20230209-1606\jars\org.eclipse.sisu.inject-0.3.5.jar
2023-07-02 18:04:07,044 [Worker-17: Launching Executing install in C__Users_DELL_Documents_Java-WorkSpace_RECURSOS_HUMANOS_rrhh-empleados-proyecto_rrhh-empleados] INFO  o.eclipse.m2e.core.internal.Bundles - 	Entry: C:\Users\DELL\.p2\pool\plugins\org.eclipse.m2e.maven.runtime_3.8.701.20230209-1606\jars\org.eclipse.sisu.plexus-0.3.5.jar
2023-07-02 18:04:07,044 [Worker-17: Launching Executing install in C__Users_DELL_Documents_Java-WorkSpace_RECURSOS_HUMANOS_rrhh-empleados-proyecto_rrhh-empleados] INFO  o.eclipse.m2e.core.internal.Bundles - 	Entry: C:\Users\DELL\.p2\pool\plugins\org.eclipse.m2e.maven.runtime_3.8.701.20230209-1606\jars\plexus-build-api-0.0.7.jar
2023-07-02 18:04:07,045 [Worker-17: Launching Executing install in C__Users_DELL_Documents_Java-WorkSpace_RECURSOS_HUMANOS_rrhh-empleados-proyecto_rrhh-empleados] INFO  o.eclipse.m2e.core.internal.Bundles - 	Entry: C:\Users\DELL\.p2\pool\plugins\org.eclipse.m2e.maven.runtime_3.8.701.20230209-1606\jars\plexus-cipher-2.0.jar
2023-07-02 18:04:07,045 [Worker-17: Launching Executing install in C__Users_DELL_Documents_Java-WorkSpace_RECURSOS_HUMANOS_rrhh-empleados-proyecto_rrhh-empleados] INFO  o.eclipse.m2e.core.internal.Bundles - 	Entry: C:\Users\DELL\.p2\pool\plugins\org.eclipse.m2e.maven.runtime_3.8.701.20230209-1606\jars\plexus-classworlds-2.6.0.jar
2023-07-02 18:04:07,045 [Worker-17: Launching Executing install in C__Users_DELL_Documents_Java-WorkSpace_RECURSOS_HUMANOS_rrhh-empleados-proyecto_rrhh-empleados] INFO  o.eclipse.m2e.core.internal.Bundles - 	Entry: C:\Users\DELL\.p2\pool\plugins\org.eclipse.m2e.maven.runtime_3.8.701.20230209-1606\jars\plexus-component-annotations-2.1.0.jar
2023-07-02 18:04:07,045 [Worker-17: Launching Executing install in C__Users_DELL_Documents_Java-WorkSpace_RECURSOS_HUMANOS_rrhh-empleados-proyecto_rrhh-empleados] INFO  o.eclipse.m2e.core.internal.Bundles - 	Entry: C:\Users\DELL\.p2\pool\plugins\org.eclipse.m2e.maven.runtime_3.8.701.20230209-1606\jars\plexus-interpolation-1.26.jar
2023-07-02 18:04:07,045 [Worker-17: Launching Executing install in C__Users_DELL_Documents_Java-WorkSpace_RECURSOS_HUMANOS_rrhh-empleados-proyecto_rrhh-empleados] INFO  o.eclipse.m2e.core.internal.Bundles - 	Entry: C:\Users\DELL\.p2\pool\plugins\org.eclipse.m2e.maven.runtime_3.8.701.20230209-1606\jars\plexus-sec-dispatcher-2.0.jar
2023-07-02 18:04:07,045 [Worker-17: Launching Executing install in C__Users_DELL_Documents_Java-WorkSpace_RECURSOS_HUMANOS_rrhh-empleados-proyecto_rrhh-empleados] INFO  o.eclipse.m2e.core.internal.Bundles - 	Entry: C:\Users\DELL\.p2\pool\plugins\org.eclipse.m2e.maven.runtime_3.8.701.20230209-1606\jars\plexus-utils-3.3.1.jar
2023-07-02 18:04:07,046 [Worker-17: Launching Executing install in C__Users_DELL_Documents_Java-WorkSpace_RECURSOS_HUMANOS_rrhh-empleados-proyecto_rrhh-empleados] INFO  o.eclipse.m2e.core.internal.Bundles - 	Entry: C:\Users\DELL\.p2\pool\plugins\org.eclipse.m2e.maven.runtime_3.8.701.20230209-1606\jars\wagon-file-3.5.3.jar
2023-07-02 18:04:07,046 [Worker-17: Launching Executing install in C__Users_DELL_Documents_Java-WorkSpace_RECURSOS_HUMANOS_rrhh-empleados-proyecto_rrhh-empleados] INFO  o.eclipse.m2e.core.internal.Bundles - 	Entry: C:\Users\DELL\.p2\pool\plugins\org.eclipse.m2e.maven.runtime_3.8.701.20230209-1606\jars\wagon-provider-api-3.5.3.jar
2023-07-02 18:04:07,048 [Worker-17: Launching Executing install in C__Users_DELL_Documents_Java-WorkSpace_RECURSOS_HUMANOS_rrhh-empleados-proyecto_rrhh-empleados] INFO  o.eclipse.m2e.core.internal.Bundles - getClasspathEntries(Bundle=com.google.guava_31.1.0.jre [11])
2023-07-02 18:04:07,048 [Worker-17: Launching Executing install in C__Users_DELL_Documents_Java-WorkSpace_RECURSOS_HUMANOS_rrhh-empleados-proyecto_rrhh-empleados] INFO  o.eclipse.m2e.core.internal.Bundles - 	Entry: C:\Users\DELL\.p2\pool\plugins\com.google.guava_31.1.0.jre.jar
2023-07-02 18:04:07,048 [Worker-17: Launching Executing install in C__Users_DELL_Documents_Java-WorkSpace_RECURSOS_HUMANOS_rrhh-empleados-proyecto_rrhh-empleados] INFO  o.eclipse.m2e.core.internal.Bundles - getClasspathEntries(Bundle=slf4j.api_1.7.36 [921])
2023-07-02 18:04:07,049 [Worker-17: Launching Executing install in C__Users_DELL_Documents_Java-WorkSpace_RECURSOS_HUMANOS_rrhh-empleados-proyecto_rrhh-empleados] INFO  o.eclipse.m2e.core.internal.Bundles - 	Entry: C:\Users\DELL\.p2\pool\plugins\slf4j.api_1.7.36.jar
2023-07-02 18:04:07,050 [Worker-17: Launching Executing install in C__Users_DELL_Documents_Java-WorkSpace_RECURSOS_HUMANOS_rrhh-empleados-proyecto_rrhh-empleados] INFO  o.eclipse.m2e.core.internal.Bundles - getClasspathEntries(Bundle=javax.inject_1.0.0.v20220405-0441 [35])
2023-07-02 18:04:07,051 [Worker-17: Launching Executing install in C__Users_DELL_Documents_Java-WorkSpace_RECURSOS_HUMANOS_rrhh-empleados-proyecto_rrhh-empleados] INFO  o.eclipse.m2e.core.internal.Bundles - 	Entry: C:\Users\DELL\.p2\pool\plugins\javax.inject_1.0.0.v20220405-0441.jar
2023-07-02 18:04:07,051 [Worker-17: Launching Executing install in C__Users_DELL_Documents_Java-WorkSpace_RECURSOS_HUMANOS_rrhh-empleados-proyecto_rrhh-empleados] INFO  o.eclipse.m2e.core.internal.Bundles - getClasspathEntries(Bundle=javax.annotation_1.3.5.v20221203-1659 [33])
2023-07-02 18:04:07,052 [Worker-17: Launching Executing install in C__Users_DELL_Documents_Java-WorkSpace_RECURSOS_HUMANOS_rrhh-empleados-proyecto_rrhh-empleados] INFO  o.eclipse.m2e.core.internal.Bundles - 	Entry: C:\Users\DELL\.p2\pool\plugins\javax.annotation_1.3.5.v20221203-1659.jar
2023-07-02 18:04:07,053 [Worker-17: Launching Executing install in C__Users_DELL_Documents_Java-WorkSpace_RECURSOS_HUMANOS_rrhh-empleados-proyecto_rrhh-empleados] INFO  o.eclipse.m2e.core.internal.Bundles - getClasspathEntries(Bundle=org.apache.commons.cli_1.4.0.v20221112-0806 [67])
2023-07-02 18:04:07,054 [Worker-17: Launching Executing install in C__Users_DELL_Documents_Java-WorkSpace_RECURSOS_HUMANOS_rrhh-empleados-proyecto_rrhh-empleados] INFO  o.eclipse.m2e.core.internal.Bundles - 	Entry: C:\Users\DELL\.p2\pool\plugins\org.apache.commons.cli_1.4.0.v20221112-0806.jar
2023-07-02 18:04:07,054 [Worker-17: Launching Executing install in C__Users_DELL_Documents_Java-WorkSpace_RECURSOS_HUMANOS_rrhh-empleados-proyecto_rrhh-empleados] INFO  o.eclipse.m2e.core.internal.Bundles - getClasspathEntries(Bundle=com.google.guava.failureaccess_1.0.1 [13])
2023-07-02 18:04:07,055 [Worker-17: Launching Executing install in C__Users_DELL_Documents_Java-WorkSpace_RECURSOS_HUMANOS_rrhh-empleados-proyecto_rrhh-empleados] INFO  o.eclipse.m2e.core.internal.Bundles - 	Entry: C:\Users\DELL\.p2\pool\plugins\com.google.guava.failureaccess_1.0.1.jar
2023-07-02 18:04:07,063 [Worker-17: Launching Executing install in C__Users_DELL_Documents_Java-WorkSpace_RECURSOS_HUMANOS_rrhh-empleados-proyecto_rrhh-empleados] INFO  o.e.m.i.launch.MavenLaunchDelegate - Run build in "C:\Users\DELL\Documents\Java-WorkSpace\RECURSOS_HUMANOS\rrhh-empleados-proyecto\rrhh-empleados":
2023-07-02 18:04:07,067 [Worker-17: Launching Executing install in C__Users_DELL_Documents_Java-WorkSpace_RECURSOS_HUMANOS_rrhh-empleados-proyecto_rrhh-empleados] INFO  o.e.m.i.launch.MavenLaunchDelegate -  mvn  -B -Dstyle.color=always install
2023-07-02 18:05:31,279 [Worker-15: Building] INFO  o.a.m.s.f.DefaultMavenResourcesFiltering - Copying 1 resource from src\main\resources to target\classes
2023-07-02 18:05:31,286 [Worker-15: Building] INFO  o.a.m.s.f.DefaultMavenResourcesFiltering - Copying 3 resources from src\main\resources to target\classes
2023-07-02 18:05:31,292 [Worker-15: Building] INFO  o.a.m.s.f.DefaultMavenResourcesFiltering - skip non existing resourceDirectory C:\Users\DELL\Documents\Java-WorkSpace\RECURSOS_HUMANOS\rrhh-empleados-proyecto\rrhh-empleados\src\test\resources
2023-07-02 18:06:11,980 [Worker-19: Building] INFO  o.a.m.s.f.DefaultMavenResourcesFiltering - Copying 1 resource from src\main\resources to target\classes
2023-07-02 18:06:11,989 [Worker-19: Building] INFO  o.a.m.s.f.DefaultMavenResourcesFiltering - Copying 3 resources from src\main\resources to target\classes
2023-07-02 18:06:11,996 [Worker-19: Building] INFO  o.a.m.s.f.DefaultMavenResourcesFiltering - skip non existing resourceDirectory C:\Users\DELL\Documents\Java-WorkSpace\RECURSOS_HUMANOS\rrhh-empleados-proyecto\rrhh-empleados\src\test\resources
2023-07-02 18:06:41,484 [Worker-17: Building] INFO  o.a.m.s.f.DefaultMavenResourcesFiltering - Copying 1 resource from src\main\resources to target\classes
2023-07-02 18:06:41,500 [Worker-17: Building] INFO  o.a.m.s.f.DefaultMavenResourcesFiltering - Copying 3 resources from src\main\resources to target\classes
2023-07-02 18:06:41,505 [Worker-17: Building] INFO  o.a.m.s.f.DefaultMavenResourcesFiltering - skip non existing resourceDirectory C:\Users\DELL\Documents\Java-WorkSpace\RECURSOS_HUMANOS\rrhh-empleados-proyecto\rrhh-empleados\src\test\resources
2023-07-02 18:06:55,372 [Worker-15: Building] INFO  o.a.m.s.f.DefaultMavenResourcesFiltering - Copying 1 resource from src\main\resources to target\classes
2023-07-02 18:06:55,441 [Worker-15: Building] INFO  o.a.m.s.f.DefaultMavenResourcesFiltering - Copying 3 resources from src\main\resources to target\classes
2023-07-02 18:06:55,454 [Worker-15: Building] INFO  o.a.m.s.f.DefaultMavenResourcesFiltering - skip non existing resourceDirectory C:\Users\DELL\Documents\Java-WorkSpace\RECURSOS_HUMANOS\rrhh-empleados-proyecto\rrhh-empleados\src\test\resources
